Change Component Footprint: Designator=C9 Old Footprint=CAPC0402(1005)60_L New Footprint=CAPC1608X90X40NL10T20
Change Component Footprint: Designator=C10 Old Footprint=CAPC0402(1005)60_L New Footprint=CAPC1608X90X40NL10T20
Change Component Comment : Designator=C9 Old Comment=Capacitor 100nF +/-20% 10V 0402 New Comment=Capacitor 100 nF +/-10% 50 V 0603
Change Component Comment : Designator=C10 Old Comment=Capacitor 100nF +/-20% 10V 0402 New Comment=Capacitor 100 nF +/-10% 50 V 0603
Change Managed Component Library Link : Designator=C9 Old VaultGUID=42119E6A-A792-448A-89F8-8404BE717414 New VaultGUID=42119E6A-A792-448A-89F8-8404BE717414 Old ItemGUID=3321CE2D-4C25-41E2-9FB7-13C11E043E47 New ItemGUID=FA17576F-DB9A-4E24-8016-2874124058C8 Old RevisionGUID=5CAB9640-8CF1-449F-8E6E-B8AFAC4C4F95 New RevisionGUID=4B8309B5-D026-4BAA-B01F-231B66BBDA7C
Change Managed Component Library Link : Designator=C10 Old VaultGUID=42119E6A-A792-448A-89F8-8404BE717414 New VaultGUID=42119E6A-A792-448A-89F8-8404BE717414 Old ItemGUID=3321CE2D-4C25-41E2-9FB7-13C11E043E47 New ItemGUID=FA17576F-DB9A-4E24-8016-2874124058C8 Old RevisionGUID=5CAB9640-8CF1-449F-8E6E-B8AFAC4C4F95 New RevisionGUID=4B8309B5-D026-4BAA-B01F-231B66BBDA7C
Change component parameters: Designator = "C9" ("C9"); Footprint = "CAPC0402(1005)60_L"; UniqueID = "\AXVOHTCK\IICHFXJD" ("\AXVOHTCK\IICHFXJD")
Change component parameters (AddParameter): Name = "Capacitor Type"; Value = "Ceramic"; VariantName = "[No Variations]"
Change component parameters (AddParameter): Name = "Case/Package"; Value = "0603"; VariantName = "[No Variations]"
Change component parameters (AddParameter): Name = "Max Operating Temperature"; Value = "125°C"; VariantName = "[No Variations]"
Change component parameters (AddParameter): Name = "Min Operating Temperature"; Value = "-55°C"; VariantName = "[No Variations]"
Change component parameters (AddParameter): Name = "Mounting Technology"; Value = "SM"; VariantName = "[No Variations]"
Change component parameters (AddParameter): Name = "Pins"; Value = "2"; VariantName = "[No Variations]"
Change component parameters (AddParameter): Name = "Ripple Current"; Value = ""; VariantName = "[No Variations]"
Change component parameters (AddParameter): Name = "Ripple Current (AC)"; Value = ""; VariantName = "[No Variations]"
Change component parameters (AddParameter): Name = "RoHS Compliant"; Value = "True"; VariantName = "[No Variations]"
Change component parameters (AddParameter): Name = "Tolerance"; Value = "10%"; VariantName = "[No Variations]"
Change component parameters (AddParameter): Name = "Value"; Value = "100nF"; VariantName = "[No Variations]"
Change component parameters (AddParameter): Name = "Voltage Rating"; Value = "50V"; VariantName = "[No Variations]"
Change component parameters: Designator = "C10" ("C10"); Footprint = "CAPC0402(1005)60_L"; UniqueID = "\AXVOHTCK\DBAAUNGW" ("\AXVOHTCK\DBAAUNGW")
Change component parameters (AddParameter): Name = "Capacitor Type"; Value = "Ceramic"; VariantName = "[No Variations]"
Change component parameters (AddParameter): Name = "Case/Package"; Value = "0603"; VariantName = "[No Variations]"
Change component parameters (AddParameter): Name = "Max Operating Temperature"; Value = "125°C"; VariantName = "[No Variations]"
Change component parameters (AddParameter): Name = "Min Operating Temperature"; Value = "-55°C"; VariantName = "[No Variations]"
Change component parameters (AddParameter): Name = "Mounting Technology"; Value = "SM"; VariantName = "[No Variations]"
Change component parameters (AddParameter): Name = "Pins"; Value = "2"; VariantName = "[No Variations]"
Change component parameters (AddParameter): Name = "Ripple Current"; Value = ""; VariantName = "[No Variations]"
Change component parameters (AddParameter): Name = "Ripple Current (AC)"; Value = ""; VariantName = "[No Variations]"
Change component parameters (AddParameter): Name = "RoHS Compliant"; Value = "True"; VariantName = "[No Variations]"
Change component parameters (AddParameter): Name = "Tolerance"; Value = "10%"; VariantName = "[No Variations]"
Change component parameters (AddParameter): Name = "Value"; Value = "100nF"; VariantName = "[No Variations]"
Change component parameters (AddParameter): Name = "Voltage Rating"; Value = "50V"; VariantName = "[No Variations]"
Added Member To Class: ClassName=Designator Member=Component C10 Capacitor 100 nF +/-10% 50 V 0603
Added Member To Class: ClassName=Designator Member=Component R5 Resistor 10k +/-1% 0603 100 mW
Added Member To Class: ClassName=Designator Member=Component U5 LSM6DSO32TR
