Removed Pin From Net: NetName=VBAT Pin=U1-39
Removed Member From Class: ClassName=Sheet1 Member=U1
Added Component: Designator=C1(CAPC1608X90X40NL10T20)
Add component (AddParameter): Name = "Capacitor Type"; Value = "Ceramic"; VariantName = "[No Variations]"
Add component (AddParameter): Name = "Case/Package"; Value = "0603"; VariantName = "[No Variations]"
Add component (AddParameter): Name = "Max Operating Temperature"; Value = "125°C"; VariantName = "[No Variations]"
Add component (AddParameter): Name = "Min Operating Temperature"; Value = "-55°C"; VariantName = "[No Variations]"
Add component (AddParameter): Name = "Mounting Technology"; Value = "SM"; VariantName = "[No Variations]"
Add component (AddParameter): Name = "Pins"; Value = "2"; VariantName = "[No Variations]"
Add component (AddParameter): Name = "Ripple Current"; Value = ""; VariantName = "[No Variations]"
Add component (AddParameter): Name = "Ripple Current (AC)"; Value = ""; VariantName = "[No Variations]"
Add component (AddParameter): Name = "RoHS Compliant"; Value = "True"; VariantName = "[No Variations]"
Add component (AddParameter): Name = "Tolerance"; Value = "10%"; VariantName = "[No Variations]"
Add component (AddParameter): Name = "Value"; Value = "100nF"; VariantName = "[No Variations]"
Add component (AddParameter): Name = "Voltage Rating"; Value = "50V"; VariantName = "[No Variations]"
Added Component: Designator=D1(SODFL3517X110N)
Add component (AddParameter): Name = "Arrow Part Number"; Value = "PMEG60T30ELRX"; VariantName = "[No Variations]"
Add component (AddParameter): Name = "Arrow Price/Stock"; Value = "https://www.arrow.com/en/products/pmeg60t30elrx/nexperia?region=nac"; VariantName = "[No Variations]"
Add component (AddParameter): Name = "Datasheet Link"; Value = "https://assets.nexperia.com/documents/data-sheet/PMEG60T30ELR.pdf"; VariantName = "[No Variations]"
Add component (AddParameter): Name = "Height"; Value = "1.1mm"; VariantName = "[No Variations]"
Add component (AddParameter): Name = "Manufacturer_Name"; Value = "Nexperia"; VariantName = "[No Variations]"
Add component (AddParameter): Name = "Manufacturer_Part_Number"; Value = "PMEG60T30ELRX"; VariantName = "[No Variations]"
Add component (AddParameter): Name = "Mouser Part Number"; Value = "771-PMEG60T30ELRX"; VariantName = "[No Variations]"
Add component (AddParameter): Name = "Mouser Price/Stock"; Value = "https://www.mouser.co.uk/ProductDetail/Nexperia/PMEG60T30ELRX?qs=MLItCLRbWswWnbT%2FWpJcxg%3D%3D"; VariantName = "[No Variations]"
Added Component: Designator=I?(FP-BM04B-GHS-TBT_LF_SN-MFG)
Add component (AddParameter): Name = "Case/Package"; Value = "SMD/SMT"; VariantName = "[No Variations]"
Add component (AddParameter): Name = "Contact Material"; Value = "Bronze"; VariantName = "[No Variations]"
Add component (AddParameter): Name = "Contact Plating"; Value = "Tin"; VariantName = "[No Variations]"
Add component (AddParameter): Name = "Current Rating"; Value = "1A"; VariantName = "[No Variations]"
Add component (AddParameter): Name = "Gender"; Value = "Male"; VariantName = "[No Variations]"
Add component (AddParameter): Name = "Housing Color"; Value = "Natural"; VariantName = "[No Variations]"
Add component (AddParameter): Name = "Housing Material"; Value = "Nylon"; VariantName = "[No Variations]"
Add component (AddParameter): Name = "Lead Free"; Value = "Lead Free"; VariantName = "[No Variations]"
Add component (AddParameter): Name = "Max Operating Temperature"; Value = "85°C"; VariantName = "[No Variations]"
Add component (AddParameter): Name = "Min Operating Temperature"; Value = "-25°C"; VariantName = "[No Variations]"
Add component (AddParameter): Name = "Number of Contacts"; Value = "4"; VariantName = "[No Variations]"
Add component (AddParameter): Name = "Number of Positions"; Value = "4"; VariantName = "[No Variations]"
Add component (AddParameter): Name = "Number of Rows"; Value = "4"; VariantName = "[No Variations]"
Add component (AddParameter): Name = "Orientation"; Value = "Straight"; VariantName = "[No Variations]"
Add component (AddParameter): Name = "Packaging"; Value = "Cut Tape"; VariantName = "[No Variations]"
Add component (AddParameter): Name = "Pitch"; Value = "1.25mm"; VariantName = "[No Variations]"
Add component (AddParameter): Name = "REACH SVHC"; Value = "No SVHC"; VariantName = "[No Variations]"
Add component (AddParameter): Name = "Series"; Value = "GH"; VariantName = "[No Variations]"
Add component (AddParameter): Name = "Termination"; Value = "Crimp"; VariantName = "[No Variations]"
Add component (AddParameter): Name = "Voltage Rating"; Value = "50V"; VariantName = "[No Variations]"
Add component (AddParameter): Name = "Voltage Rating (AC)"; Value = "50V"; VariantName = "[No Variations]"
Add component (AddParameter): Name = "Wire/Cable Gauge"; Value = "26AWG"; VariantName = "[No Variations]"
Added Component: Designator=R1(RESC1608X55X25ML10T15)
Add component (AddParameter): Name = "Case/Package"; Value = "0603"; VariantName = "[No Variations]"
Add component (AddParameter): Name = "Max Operating Temperature"; Value = "155°C"; VariantName = "[No Variations]"
Add component (AddParameter): Name = "Min Operating Temperature"; Value = "-55°C"; VariantName = "[No Variations]"
Add component (AddParameter): Name = "Mounting Technology"; Value = "SM"; VariantName = "[No Variations]"
Add component (AddParameter): Name = "Pins"; Value = "2"; VariantName = "[No Variations]"
Add component (AddParameter): Name = "Power"; Value = "100mW"; VariantName = "[No Variations]"
Add component (AddParameter): Name = "RoHS Compliant"; Value = "True"; VariantName = "[No Variations]"
Add component (AddParameter): Name = "Tolerance"; Value = "1%"; VariantName = "[No Variations]"
Add component (AddParameter): Name = "Value"; Value = "10k"; VariantName = "[No Variations]"
Add component (AddParameter): Name = "Voltage Rating"; Value = "50V"; VariantName = "[No Variations]"
Added Component: Designator=R2(RESC1608X55X25ML10T15)
Add component (AddParameter): Name = "Case/Package"; Value = "0603"; VariantName = "[No Variations]"
Add component (AddParameter): Name = "Max Operating Temperature"; Value = "155°C"; VariantName = "[No Variations]"
Add component (AddParameter): Name = "Min Operating Temperature"; Value = "-55°C"; VariantName = "[No Variations]"
Add component (AddParameter): Name = "Mounting Technology"; Value = "SM"; VariantName = "[No Variations]"
Add component (AddParameter): Name = "Pins"; Value = "2"; VariantName = "[No Variations]"
Add component (AddParameter): Name = "Power"; Value = "100mW"; VariantName = "[No Variations]"
Add component (AddParameter): Name = "RoHS Compliant"; Value = "True"; VariantName = "[No Variations]"
Add component (AddParameter): Name = "Tolerance"; Value = "1%"; VariantName = "[No Variations]"
Add component (AddParameter): Name = "Value"; Value = "10k"; VariantName = "[No Variations]"
Add component (AddParameter): Name = "Voltage Rating"; Value = "50V"; VariantName = "[No Variations]"
Added Component: Designator=R3(RESC1608X55X25ML10T15)
Add component (AddParameter): Name = "Case/Package"; Value = "0603"; VariantName = "[No Variations]"
Add component (AddParameter): Name = "Max Operating Temperature"; Value = "155°C"; VariantName = "[No Variations]"
Add component (AddParameter): Name = "Min Operating Temperature"; Value = "-55°C"; VariantName = "[No Variations]"
Add component (AddParameter): Name = "Mounting Technology"; Value = "SM"; VariantName = "[No Variations]"
Add component (AddParameter): Name = "Pins"; Value = "2"; VariantName = "[No Variations]"
Add component (AddParameter): Name = "Power"; Value = "100mW"; VariantName = "[No Variations]"
Add component (AddParameter): Name = "RoHS Compliant"; Value = "True"; VariantName = "[No Variations]"
Add component (AddParameter): Name = "Tolerance"; Value = "1%"; VariantName = "[No Variations]"
Add component (AddParameter): Name = "Value"; Value = "10k"; VariantName = "[No Variations]"
Add component (AddParameter): Name = "Voltage Rating"; Value = "50V"; VariantName = "[No Variations]"
Added Component: Designator=R4(RESC1608X55X25ML10T15)
Add component (AddParameter): Name = "Case/Package"; Value = "0603"; VariantName = "[No Variations]"
Add component (AddParameter): Name = "Max Operating Temperature"; Value = "155°C"; VariantName = "[No Variations]"
Add component (AddParameter): Name = "Min Operating Temperature"; Value = "-55°C"; VariantName = "[No Variations]"
Add component (AddParameter): Name = "Mounting Technology"; Value = "SM"; VariantName = "[No Variations]"
Add component (AddParameter): Name = "Pins"; Value = "2"; VariantName = "[No Variations]"
Add component (AddParameter): Name = "Power"; Value = "100mW"; VariantName = "[No Variations]"
Add component (AddParameter): Name = "RoHS Compliant"; Value = "True"; VariantName = "[No Variations]"
Add component (AddParameter): Name = "Tolerance"; Value = "1%"; VariantName = "[No Variations]"
Add component (AddParameter): Name = "Value"; Value = "10k"; VariantName = "[No Variations]"
Add component (AddParameter): Name = "Voltage Rating"; Value = "50V"; VariantName = "[No Variations]"
Added Pin To Net: NetName=GND Pin=C1-1
Added Pin To Net: NetName=+3V3 Pin=C1-2
Added Pin To Net: NetName=VBAT Pin=D1-2
Added Pin To Net: NetName=+3V3 Pin=I?-1
Added Pin To Net: NetName=SCL Pin=I?-2
Added Pin To Net: NetName=SDA Pin=I?-3
Added Pin To Net: NetName=GND Pin=I?-4
Added Pin To Net: NetName=GND Pin=I?-5
Added Pin To Net: NetName=GND Pin=I?-6
Added Pin To Net: NetName=SPI_MISO Pin=R1-1
Added Pin To Net: NetName=+3V3 Pin=R1-2
Added Pin To Net: NetName=SPI_SCK Pin=R2-1
Added Pin To Net: NetName=+3V3 Pin=R2-2
Added Pin To Net: NetName=SPI_MOSI Pin=R3-1
Added Pin To Net: NetName=+3V3 Pin=R3-2
Added Pin To Net: NetName=SD_CS Pin=R4-1
Added Pin To Net: NetName=+3V3 Pin=R4-2
Added Pin To Net: NetName=SPI_MISO Pin=U1-21
Added Pin To Net: NetName=SD_CS Pin=U1-22
Added Pin To Net: NetName=SPI_SCK Pin=U1-24
Added Pin To Net: NetName=SPI_MOSI Pin=U1-25
Add Net: Net with name "NetC?_2" already exists
Added Pin To Net: NetName=NetD1_1 Pin=D1-1
Added Pin To Net: NetName=NetD1_1 Pin=U1-39
Added Net: Name=NetD1_1
Added Member To Class: ClassName=Sheet2 Member=Component C1 Capacitor 100 nF +/-10% 50 V 0603
Added Member To Class: ClassName=Sheet1 Member=Component C? Capacitor 100 nF +/-10% 50 V 0603
Added Member To Class: ClassName=Sheet1 Member=Component C? Capacitor 100 nF +/-10% 50 V 0603
Added Member To Class: ClassName=Sheet1 Member=Component C? Capacitor 100 nF +/-10% 50 V 0603
Added Member To Class: ClassName=Sheet1 Member=Component C? Capacitor 100 nF +/-10% 50 V 0603
Added Member To Class: ClassName=Sheet1 Member=Component C? Capacitor 100 nF +/-10% 50 V 0603
Added Member To Class: ClassName=Sheet1 Member=Component C? Capacitor 100 nF +/-10% 50 V 0603
Added Member To Class: ClassName=Sheet1 Member=Component C? Capacitor 100 nF +/-10% 50 V 0603
Added Member To Class: ClassName=Sheet1 Member=Component C? Capacitor 100 nF +/-10% 50 V 0603
Added Member To Class: ClassName=Sheet1 Member=Component C? Capacitor 100 nF +/-10% 50 V 0603
Added Member To Class: ClassName=Sheet1 Member=Component C? Capacitor 100 nF +/-10% 50 V 0603
Added Member To Class: ClassName=Sheet1 Member=Component C? Capacitor 100 nF +/-10% 50 V 0603
Added Member To Class: ClassName=Sheet1 Member=Component C? Capacitor 100 nF +/-10% 50 V 0603
Added Member To Class: ClassName=Sheet1 Member=Component C? Capacitor 100 nF +/-10% 50 V 0603
Added Member To Class: ClassName=Sheet1 Member=Component C? Capacitor 100 nF +/-10% 50 V 0603
Added Member To Class: ClassName=Sheet1 Member=Component C? Capacitor 100nF +/-20% 10V 0402
Added Member To Class: ClassName=Sheet2 Member=Component D1 PMEG40T30ERX
Added Member To Class: ClassName=Sheet1 Member=Component D? PMEG40T30ERX
Added Member To Class: ClassName=Sheet1 Member=Component I? BM04B-GHS-TBT(LF)(SN)
Added Member To Class: ClassName=Sheet2 Member=Component R1 Resistor 10k +/-1% 0603 100 mW
Added Member To Class: ClassName=Sheet2 Member=Component R2 Resistor 10k +/-1% 0603 100 mW
Added Member To Class: ClassName=Sheet2 Member=Component R3 Resistor 10k +/-1% 0603 100 mW
Added Member To Class: ClassName=Sheet2 Member=Component R4 Resistor 10k +/-1% 0603 100 mW
Added Member To Class: ClassName=Sheet1 Member=Component R? Resistor 10k +/-1% 0603 100 mW
Added Member To Class: ClassName=Sheet1 Member=Component R? Resistor 10k +/-1% 0603 100 mW
Added Member To Class: ClassName=Sheet1 Member=Component U? LSM6DSO32TR
Added Member To Class: ClassName=Sheet1 Member=Component U? MMC5983MA
Added Member To Class: ClassName=Sheet1 Member=Component U? BMI088
Added Member To Class: ClassName=Sheet1 Member=Component U? BMP581
Added Member To Class: ClassName=Sheet1 Member=Component U? H3LIS331DLTR
