Add Net: Net with name "NetC?_2" already exists
Added Member To Class: ClassName=Sheet1 Member=Component C? Capacitor 100 nF +/-10% 50 V 0603
Added Member To Class: ClassName=Sheet1 Member=Component C? Capacitor 100 nF +/-10% 50 V 0603
Added Member To Class: ClassName=Sheet1 Member=Component C? Capacitor 100 nF +/-10% 50 V 0603
Added Member To Class: ClassName=Sheet1 Member=Component C? Capacitor 100nF +/-20% 10V 0402
Added Member To Class: ClassName=Sheet1 Member=Component C? Capacitor 100 nF +/-10% 50 V 0603
Added Member To Class: ClassName=Sheet1 Member=Component C? Capacitor 100 nF +/-10% 50 V 0603
Added Member To Class: ClassName=Sheet1 Member=Component C? Capacitor 100 nF +/-10% 50 V 0603
Added Member To Class: ClassName=Sheet1 Member=Component C? Capacitor 100 nF +/-10% 50 V 0603
Added Member To Class: ClassName=Sheet1 Member=Component C? Capacitor 100 nF +/-10% 50 V 0603
Added Member To Class: ClassName=Sheet1 Member=Component C? Capacitor 100 nF +/-10% 50 V 0603
Added Member To Class: ClassName=Sheet1 Member=Component C? Capacitor 100 nF +/-10% 50 V 0603
Added Member To Class: ClassName=Sheet1 Member=Component C? Capacitor 100 nF +/-10% 50 V 0603
Added Member To Class: ClassName=Sheet1 Member=Component C? Capacitor 100 nF +/-10% 50 V 0603
Added Member To Class: ClassName=Sheet1 Member=Component C? Capacitor 100 nF +/-10% 50 V 0603
Added Member To Class: ClassName=Sheet1 Member=Component C? Capacitor 100 nF +/-10% 50 V 0603
Added Member To Class: ClassName=Sheet1 Member=Component D? PMEG40T30ERX
Added Member To Class: ClassName=Sheet1 Member=Component R? Resistor 10k +/-1% 0603 100 mW
Added Member To Class: ClassName=Sheet1 Member=Component R? Resistor 10k +/-1% 0603 100 mW
Added Member To Class: ClassName=Sheet1 Member=Component U? BMI088
Added Member To Class: ClassName=Sheet1 Member=Component U? H3LIS331DLTR
Added Member To Class: ClassName=Sheet1 Member=Component U? BMP581
Added Member To Class: ClassName=Sheet1 Member=Component U? MMC5983MA
