Removed Pin From Net: NetName=+3V3 Pin=C?-2
Removed Pin From Net: NetName=+3V3 Pin=C?-2
Removed Pin From Net: NetName=NetC?_2 Pin=C?-2
Removed Pin From Net: NetName=VGNSS Pin=C?-2
Removed Pin From Net: NetName=VBCKP Pin=D?-2
Removed Pin From Net: NetName=VGNSS Pin=D?-2
Removed Pin From Net: NetName=+3V3 Pin=J2-1
Removed Pin From Net: NetName=SCL Pin=J2-2
Removed Pin From Net: NetName=SDA Pin=J2-3
Removed Pin From Net: NetName=GND Pin=J2-4
Removed Pin From Net: NetName=GND Pin=J2-SH1
Removed Pin From Net: NetName=GND Pin=J2-SH2
Removed Pin From Net: NetName=SCL Pin=R?-1
Removed Pin From Net: NetName=SDA Pin=R?-1
Removed Pin From Net: NetName=+3V3 Pin=U?-1
Removed Pin From Net: NetName=SCL Pin=U?-1
Removed Pin From Net: NetName=+3V3 Pin=U?-2
Removed Pin From Net: NetName=GND Pin=U?-2
Removed Pin From Net: NetName=SCL Pin=U?-2
Removed Pin From Net: NetName=+3V3 Pin=U?-3
Removed Pin From Net: NetName=GND Pin=U?-3
Removed Pin From Net: NetName=GND Pin=U?-3
Removed Pin From Net: NetName=+3V3 Pin=U?-4
Removed Pin From Net: NetName=GND Pin=U?-4
Removed Pin From Net: NetName=SCL Pin=U?-4
Removed Pin From Net: NetName=SDA Pin=U?-4
Removed Pin From Net: NetName=+3V3 Pin=U?-5
Removed Pin From Net: NetName=GND Pin=U?-5
Removed Pin From Net: NetName=GND Pin=U?-6
Removed Pin From Net: NetName=GND Pin=U?-6
Removed Pin From Net: NetName=SDA Pin=U?-6
Removed Pin From Net: NetName=+3V3 Pin=U?-7
Removed Pin From Net: NetName=GND Pin=U?-7
Removed Pin From Net: NetName=+3V3 Pin=U?-8
Removed Pin From Net: NetName=GND Pin=U?-8
Removed Pin From Net: NetName=SCL Pin=U?-8
Removed Pin From Net: NetName=GND Pin=U?-9
Removed Pin From Net: NetName=SDA Pin=U?-9
Removed Pin From Net: NetName=+3V3 Pin=U?-10
Removed Pin From Net: NetName=+3V3 Pin=U?-10
Removed Pin From Net: NetName=GND Pin=U?-10
Removed Pin From Net: NetName=NetC?_2 Pin=U?-10
Removed Pin From Net: NetName=+3V3 Pin=U?-11
Removed Pin From Net: NetName=GND Pin=U?-11
Removed Pin From Net: NetName=GND Pin=U?-12
Removed Pin From Net: NetName=+3V3 Pin=U?-13
Removed Pin From Net: NetName=GND Pin=U?-13
Removed Pin From Net: NetName=SCL Pin=U?-13
Removed Pin From Net: NetName=+3V3 Pin=U?-14
Removed Pin From Net: NetName=+3V3 Pin=U?-14
Removed Pin From Net: NetName=SDA Pin=U?-14
Removed Pin From Net: NetName=+3V3 Pin=U?-15
Removed Pin From Net: NetName=+3V3 Pin=U?-15
Removed Pin From Net: NetName=GND Pin=U?-16
Removed Pin From Net: NetName=SDA Pin=U?-16
Removed Member From Class: ClassName=Sheet1 Member=J2
Change Component Footprint: Designator=U? Old Footprint=BMP581 New Footprint=FP-TFLGA16-7983231-MFG
Change Component Footprint: Designator=C? Old Footprint=CAPC0402(1005)60_L New Footprint=CAPC1608X90X40NL10T20
Change Component Footprint: Designator=C? Old Footprint=CAPC1608X90X40NL10T20 New Footprint=CAPC0402(1005)60_L
Change Component Footprint: Designator=U? Old Footprint=FP-LGA-14L-DM00249496-MFG New Footprint=PQFN50P450X300X100-16N
Change Component Footprint: Designator=U? Old Footprint=FP-TFLGA16-7983231-MFG New Footprint=FP-LGA-14L-DM00249496-MFG
Change Component Footprint: Designator=U? Old Footprint=PQFN50P300X300X100-16N New Footprint=BMP581
Change Component Footprint: Designator=U? Old Footprint=PQFN50P450X300X100-16N New Footprint=PQFN50P300X300X100-16N
Change Component Comment : Designator=U? Old Comment=BMI088 New Comment=MMC5983MA
Change Component Comment : Designator=U? Old Comment=BMP581 New Comment=H3LIS331DLTR
Change Component Comment : Designator=C? Old Comment=Capacitor 100 nF +/-10% 50 V 0603 New Comment=Capacitor 100nF +/-20% 10V 0402
Change Component Comment : Designator=C? Old Comment=Capacitor 100nF +/-20% 10V 0402 New Comment=Capacitor 100 nF +/-10% 50 V 0603
Change Component Comment : Designator=U? Old Comment=H3LIS331DLTR New Comment=LSM6DSO32TR
Change Component Comment : Designator=U? Old Comment=LSM6DSO32TR New Comment=BMI088
Change Component Comment : Designator=U? Old Comment=MMC5983MA New Comment=BMP581
Change Managed Component Library Link : Designator=C? Old VaultGUID=42119E6A-A792-448A-89F8-8404BE717414 New VaultGUID=42119E6A-A792-448A-89F8-8404BE717414 Old ItemGUID=3321CE2D-4C25-41E2-9FB7-13C11E043E47 New ItemGUID=FA17576F-DB9A-4E24-8016-2874124058C8 Old RevisionGUID=5CAB9640-8CF1-449F-8E6E-B8AFAC4C4F95 New RevisionGUID=4B8309B5-D026-4BAA-B01F-231B66BBDA7C
Change Managed Component Library Link : Designator=C? Old VaultGUID=42119E6A-A792-448A-89F8-8404BE717414 New VaultGUID=42119E6A-A792-448A-89F8-8404BE717414 Old ItemGUID=FA17576F-DB9A-4E24-8016-2874124058C8 New ItemGUID=3321CE2D-4C25-41E2-9FB7-13C11E043E47 Old RevisionGUID=4B8309B5-D026-4BAA-B01F-231B66BBDA7C New RevisionGUID=5CAB9640-8CF1-449F-8E6E-B8AFAC4C4F95
Change Managed Component Library Link : Designator=U? Old VaultGUID=B7D15EC3-160A-466F-A46C-7801FE6295A7 New VaultGUID=B7D15EC3-160A-466F-A46C-7801FE6295A7 Old ItemGUID=A22D3DAD-28FB-4720-A14F-D39B4FD3BAC6 New ItemGUID=B80E28A7-2910-4DF0-823D-B553AD046F4E Old RevisionGUID=59C94C92-2545-4B8C-83F0-EEA2475007CF New RevisionGUID=ABC44302-EAD4-4AB1-988C-BD395D905D90
Change Managed Component Library Link : Designator=U? Old VaultGUID= New VaultGUID=B7D15EC3-160A-466F-A46C-7801FE6295A7 Old ItemGUID= New ItemGUID=A22D3DAD-28FB-4720-A14F-D39B4FD3BAC6 Old RevisionGUID= New RevisionGUID=59C94C92-2545-4B8C-83F0-EEA2475007CF
Change Managed Component Library Link : Designator=U? Old VaultGUID=B7D15EC3-160A-466F-A46C-7801FE6295A7 New VaultGUID= Old ItemGUID=B80E28A7-2910-4DF0-823D-B553AD046F4E New ItemGUID= Old RevisionGUID=ABC44302-EAD4-4AB1-988C-BD395D905D90 New RevisionGUID=
Change component parameters: Designator = "C?" ("C?"); Footprint = "CAPC1608X90X40NL10T20"; UniqueID = "\AXVOHTCK\UBQUXGYJ" ("\AXVOHTCK\UBQUXGYJ")
Change component parameters (AddParameter): Name = "Capacitor Type"; Value = "Ceramic"; VariantName = "[No Variations]"
Change component parameters (AddParameter): Name = "Case/Package"; Value = "0603"; VariantName = "[No Variations]"
Change component parameters (AddParameter): Name = "Max Operating Temperature"; Value = "125°C"; VariantName = "[No Variations]"
Change component parameters (AddParameter): Name = "Min Operating Temperature"; Value = "-55°C"; VariantName = "[No Variations]"
Change component parameters (AddParameter): Name = "Mounting Technology"; Value = "SM"; VariantName = "[No Variations]"
Change component parameters (AddParameter): Name = "Pins"; Value = "2"; VariantName = "[No Variations]"
Change component parameters (AddParameter): Name = "Ripple Current"; Value = ""; VariantName = "[No Variations]"
Change component parameters (AddParameter): Name = "Ripple Current (AC)"; Value = ""; VariantName = "[No Variations]"
Change component parameters (AddParameter): Name = "RoHS Compliant"; Value = "True"; VariantName = "[No Variations]"
Change component parameters (AddParameter): Name = "Tolerance"; Value = "10%"; VariantName = "[No Variations]"
Change component parameters (AddParameter): Name = "Value"; Value = "100nF"; VariantName = "[No Variations]"
Change component parameters (AddParameter): Name = "Voltage Rating"; Value = "50V"; VariantName = "[No Variations]"
Change component parameters: Designator = "C?" ("C?"); Footprint = "CAPC1608X90X40NL10T20"; UniqueID = "\AXVOHTCK\WJKJEIZN" ("\AXVOHTCK\WJKJEIZN")
Change component parameters (AddParameter): Name = "Capacitor Type"; Value = "Ceramic"; VariantName = "[No Variations]"
Change component parameters (AddParameter): Name = "Case/Package"; Value = "0603"; VariantName = "[No Variations]"
Change component parameters (AddParameter): Name = "Max Operating Temperature"; Value = "125°C"; VariantName = "[No Variations]"
Change component parameters (AddParameter): Name = "Min Operating Temperature"; Value = "-55°C"; VariantName = "[No Variations]"
Change component parameters (AddParameter): Name = "Mounting Technology"; Value = "SM"; VariantName = "[No Variations]"
Change component parameters (AddParameter): Name = "Pins"; Value = "2"; VariantName = "[No Variations]"
Change component parameters (AddParameter): Name = "Ripple Current"; Value = ""; VariantName = "[No Variations]"
Change component parameters (AddParameter): Name = "Ripple Current (AC)"; Value = ""; VariantName = "[No Variations]"
Change component parameters (AddParameter): Name = "RoHS Compliant"; Value = "True"; VariantName = "[No Variations]"
Change component parameters (AddParameter): Name = "Tolerance"; Value = "10%"; VariantName = "[No Variations]"
Change component parameters (AddParameter): Name = "Value"; Value = "10uF"; VariantName = "[No Variations]"
Change component parameters (AddParameter): Name = "Voltage Rating"; Value = "50V"; VariantName = "[No Variations]"
Change component parameters: Designator = "C?" ("C?"); Footprint = "CAPC1608X90X40NL10T20"; UniqueID = "\AXVOHTCK\BXYWYPAH" ("\AXVOHTCK\BXYWYPAH")
Change component parameters (AddParameter): Name = "Capacitor Type"; Value = "Ceramic"; VariantName = "[No Variations]"
Change component parameters (AddParameter): Name = "Case/Package"; Value = "0603"; VariantName = "[No Variations]"
Change component parameters (AddParameter): Name = "Max Operating Temperature"; Value = "125°C"; VariantName = "[No Variations]"
Change component parameters (AddParameter): Name = "Min Operating Temperature"; Value = "-55°C"; VariantName = "[No Variations]"
Change component parameters (AddParameter): Name = "Mounting Technology"; Value = "SM"; VariantName = "[No Variations]"
Change component parameters (AddParameter): Name = "Pins"; Value = "2"; VariantName = "[No Variations]"
Change component parameters (AddParameter): Name = "Ripple Current"; Value = ""; VariantName = "[No Variations]"
Change component parameters (AddParameter): Name = "Ripple Current (AC)"; Value = ""; VariantName = "[No Variations]"
Change component parameters (AddParameter): Name = "RoHS Compliant"; Value = "True"; VariantName = "[No Variations]"
Change component parameters (AddParameter): Name = "Tolerance"; Value = "10%"; VariantName = "[No Variations]"
Change component parameters (AddParameter): Name = "Value"; Value = "100nF"; VariantName = "[No Variations]"
Change component parameters (AddParameter): Name = "Voltage Rating"; Value = "50V"; VariantName = "[No Variations]"
Change component parameters: Designator = "C?" ("C?"); Footprint = "CAPC1608X90X40NL10T20"; UniqueID = "\AXVOHTCK\EHYAVQYN" ("\AXVOHTCK\EHYAVQYN")
Change component parameters (AddParameter): Name = "Capacitor Type"; Value = ""; VariantName = "[No Variations]"
Change component parameters (AddParameter): Name = "Case/Package"; Value = "0402"; VariantName = "[No Variations]"
Change component parameters (AddParameter): Name = "Max Operating Temperature"; Value = "85°C"; VariantName = "[No Variations]"
Change component parameters (AddParameter): Name = "Min Operating Temperature"; Value = "-55°C"; VariantName = "[No Variations]"
Change component parameters (AddParameter): Name = "Mounting Technology"; Value = "SMT"; VariantName = "[No Variations]"
Change component parameters (AddParameter): Name = "Pins"; Value = "2"; VariantName = "[No Variations]"
Change component parameters (AddParameter): Name = "Ripple Current"; Value = ""; VariantName = "[No Variations]"
Change component parameters (AddParameter): Name = "Ripple Current (AC)"; Value = ""; VariantName = "[No Variations]"
Change component parameters (AddParameter): Name = "RoHS Compliant"; Value = ""; VariantName = "[No Variations]"
Change component parameters (AddParameter): Name = "Tolerance"; Value = "20%"; VariantName = "[No Variations]"
Change component parameters (AddParameter): Name = "Value"; Value = "100nF"; VariantName = "[No Variations]"
Change component parameters (AddParameter): Name = "Voltage Rating"; Value = "10V"; VariantName = "[No Variations]"
Change component parameters: Designator = "C?" ("C?"); Footprint = "CAPC0402(1005)60_L"; UniqueID = "\AXVOHTCK\VTHUITHD" ("\AXVOHTCK\VTHUITHD")
Change component parameters (AddParameter): Name = "Capacitor Type"; Value = "Ceramic"; VariantName = "[No Variations]"
Change component parameters (AddParameter): Name = "Case/Package"; Value = "0603"; VariantName = "[No Variations]"
Change component parameters (AddParameter): Name = "Max Operating Temperature"; Value = "125°C"; VariantName = "[No Variations]"
Change component parameters (AddParameter): Name = "Min Operating Temperature"; Value = "-55°C"; VariantName = "[No Variations]"
Change component parameters (AddParameter): Name = "Mounting Technology"; Value = "SM"; VariantName = "[No Variations]"
Change component parameters (AddParameter): Name = "Pins"; Value = "2"; VariantName = "[No Variations]"
Change component parameters (AddParameter): Name = "Ripple Current"; Value = ""; VariantName = "[No Variations]"
Change component parameters (AddParameter): Name = "Ripple Current (AC)"; Value = ""; VariantName = "[No Variations]"
Change component parameters (AddParameter): Name = "RoHS Compliant"; Value = "True"; VariantName = "[No Variations]"
Change component parameters (AddParameter): Name = "Tolerance"; Value = "10%"; VariantName = "[No Variations]"
Change component parameters (AddParameter): Name = "Value"; Value = "10uF"; VariantName = "[No Variations]"
Change component parameters (AddParameter): Name = "Voltage Rating"; Value = "50V"; VariantName = "[No Variations]"
Change component parameters: Designator = "U?" ("U?"); Footprint = "FP-LGA-14L-DM00249496-MFG"; UniqueID = "\AXVOHTCK\ROOJWGOH" ("\AXVOHTCK\ROOJWGOH")
Change component parameters (AddParameter): Name = "Availability"; Value = "Unavailable"; VariantName = "[No Variations]"
Change component parameters (AddParameter): Name = "MF"; Value = "{'manufacturer': u'Bosch Sensortec'}"; VariantName = "[No Variations]"
Change component parameters (AddParameter): Name = "MP"; Value = "BMI088"; VariantName = "[No Variations]"
Change component parameters (AddParameter): Name = "Package"; Value = "None"; VariantName = "[No Variations]"
Change component parameters (AddParameter): Name = "Price"; Value = "None"; VariantName = "[No Variations]"
Change component parameters (AddParameter): Name = "Value"; Value = ""; VariantName = "[No Variations]"
Change component parameters: Designator = "U?" ("U?"); Footprint = "BMP581"; UniqueID = "\AXVOHTCK\FBCVVCXU" ("\AXVOHTCK\FBCVVCXU")
Change component parameters (AddParameter): Name = "Accel Axis"; Value = "X+Y and Z"; VariantName = "[No Variations]"
Change component parameters (AddParameter): Name = "Accel Range"; Value = "100/200/400g"; VariantName = "[No Variations]"
Change component parameters (AddParameter): Name = "Accel Resolution"; Value = "16bits"; VariantName = "[No Variations]"
Change component parameters (AddParameter): Name = "Automotive"; Value = "No"; VariantName = "[No Variations]"
Change component parameters (AddParameter): Name = "Category"; Value = "IC"; VariantName = "[No Variations]"
Change component parameters (AddParameter): Name = "ComponentLink2Description"; Value = "Datasheet"; VariantName = "[No Variations]"
Change component parameters (AddParameter): Name = "ComponentLink2URL"; Value = "https://www.st.com/resource/en/datasheet/h3lis331dl.pdf"; VariantName = "[No Variations]"
Change component parameters (AddParameter): Name = "Device Class L1"; Value = "Sensors"; VariantName = "[No Variations]"
Change component parameters (AddParameter): Name = "Device Class L2"; Value = "Motion Sensors"; VariantName = "[No Variations]"
Change component parameters (AddParameter): Name = "Device Class L3"; Value = "Accelerometers"; VariantName = "[No Variations]"
Change component parameters (AddParameter): Name = "Digikey Description"; Value = "ACCEL 100-400G I2C/SPI 16TFLGA"; VariantName = "[No Variations]"
Change component parameters (AddParameter): Name = "Footprint Url"; Value = "https://www.st.com/content/ccc/resource/technical/document/technical_note/73/17/9c/16/dd/96/4a/01/CD00134799.pdf/files/CD00134799.pdf/jcr:content/translations/en.CD00134799.pdf"; VariantName = "[No Variations]"
Change component parameters (AddParameter): Name = "Height"; Value = "1mm"; VariantName = "[No Variations]"
Change component parameters (AddParameter): Name = "Lead Free"; Value = "Yes"; VariantName = "[No Variations]"
Change component parameters (AddParameter): Name = "Manufacturer"; Value = "STMicroelectronics"; VariantName = "[No Variations]"
Change component parameters (AddParameter): Name = "Manufacturer Part Number"; Value = "H3LIS331DLTR"; VariantName = "[No Variations]"
Change component parameters (AddParameter): Name = "Max Supply Voltage"; Value = "3.6V"; VariantName = "[No Variations]"
Change component parameters (AddParameter): Name = "Min Supply Voltage"; Value = "2.16V"; VariantName = "[No Variations]"
Change component parameters (AddParameter): Name = "Mouser Description"; Value = "Accelerometer Triple +/-100g/+/-200g/+/-400g 2.5V 16-Pin TFLGA T/R"; VariantName = "[No Variations]"
Change component parameters (AddParameter): Name = "Octopart"; Value = "https://octopart.com/h3lis331dltr-stmicroelectronics-29186499"; VariantName = "[No Variations]"
Change component parameters (AddParameter): Name = "Operating Supply Current"; Value = "10-300uA"; VariantName = "[No Variations]"
Change component parameters (AddParameter): Name = "Package"; Value = "TFLGA16-7983231"; VariantName = "[No Variations]"
Change component parameters (AddParameter): Name = "RoHS"; Value = "TRUE"; VariantName = "[No Variations]"
Change component parameters (AddParameter): Name = "Sensor Output"; Value = "I2C,SPI"; VariantName = "[No Variations]"
Change component parameters (AddParameter): Name = "Temperature"; Value = "-40°C to +85°C"; VariantName = "[No Variations]"
Change component parameters (AddParameter): Name = "Temperature Range High"; Value = "+85°C"; VariantName = "[No Variations]"
Change component parameters (AddParameter): Name = "Temperature Range Low"; Value = "-40°C"; VariantName = "[No Variations]"
Change component parameters: Designator = "U?" ("U?"); Footprint = "FP-TFLGA16-7983231-MFG"; UniqueID = "\AXVOHTCK\ALYWYWYN" ("\AXVOHTCK\ALYWYWYN")
Change component parameters: Designator = "U?" ("U?"); Footprint = "PQFN50P300X300X100-16N"; UniqueID = "\AXVOHTCK\XJSUMXML" ("\AXVOHTCK\XJSUMXML")
Change component parameters (AddParameter): Name = "Arrow Part Number"; Value = "BMP581"; VariantName = "[No Variations]"
Change component parameters (AddParameter): Name = "Arrow Price/Stock"; Value = "https://www.arrow.com/en/products/bmp581/bosch?region=nac"; VariantName = "[No Variations]"
Change component parameters (AddParameter): Name = "Datasheet Link"; Value = "https://www.bosch-sensortec.com/media/boschsensortec/downloads/datasheets/bst-bmp581-ds004.pdf"; VariantName = "[No Variations]"
Change component parameters (AddParameter): Name = "Height"; Value = "0.8mm"; VariantName = "[No Variations]"
Change component parameters (AddParameter): Name = "Manufacturer_Name"; Value = "BOSCH"; VariantName = "[No Variations]"
Change component parameters (AddParameter): Name = "Manufacturer_Part_Number"; Value = "BMP581"; VariantName = "[No Variations]"
Change component parameters (AddParameter): Name = "Mouser Part Number"; Value = "262-BMP581"; VariantName = "[No Variations]"
Change component parameters (AddParameter): Name = "Mouser Price/Stock"; Value = "https://www.mouser.co.uk/ProductDetail/Bosch-Sensortec/BMP581?qs=Li%252BoUPsLEntPL9tlFmcgXg%3D%3D"; VariantName = "[No Variations]"
Change component parameters: Designator = "U?" ("U?"); Footprint = "PQFN50P450X300X100-16N"; UniqueID = "\AXVOHTCK\GRQUVIRP" ("\AXVOHTCK\GRQUVIRP")
Change component parameters (AddParameter): Name = "Availability"; Value = "Unavailable"; VariantName = "[No Variations]"
Change component parameters (AddParameter): Name = "MF"; Value = "{'manufacturer': u'Memsic Inc.'}"; VariantName = "[No Variations]"
Change component parameters (AddParameter): Name = "MP"; Value = "MMC5983MA"; VariantName = "[No Variations]"
Change component parameters (AddParameter): Name = "Package"; Value = "None"; VariantName = "[No Variations]"
Change component parameters (AddParameter): Name = "Price"; Value = "None"; VariantName = "[No Variations]"
Change component parameters (AddParameter): Name = "Value"; Value = ""; VariantName = "[No Variations]"
Added Pin To Net: NetName=+3V3 Pin=C?-2
Added Pin To Net: NetName=+3V3 Pin=C?-2
Added Pin To Net: NetName=NetC?_2 Pin=C?-2
Added Pin To Net: NetName=VGNSS Pin=C?-2
Added Pin To Net: NetName=NetC?_2 Pin=D?-1
Added Pin To Net: NetName=NetC?_2 Pin=D?-1
Added Pin To Net: NetName=VBCKP Pin=D?-2
Added Pin To Net: NetName=VGNSS Pin=D?-2
Added Pin To Net: NetName=+3V3 Pin=J-1
Added Pin To Net: NetName=SCL Pin=J-2
Added Pin To Net: NetName=SDA Pin=J-3
Added Pin To Net: NetName=GND Pin=J-4
Added Pin To Net: NetName=GND Pin=J-SH1
Added Pin To Net: NetName=GND Pin=J-SH2
Added Pin To Net: NetName=NetC?_2 Pin=MD?-3
Added Pin To Net: NetName=SCL Pin=R?-1
Added Pin To Net: NetName=SDA Pin=R?-1
Added Pin To Net: NetName=+3V3 Pin=U?-1
Added Pin To Net: NetName=SCL Pin=U?-1
Added Pin To Net: NetName=+3V3 Pin=U?-2
Added Pin To Net: NetName=GND Pin=U?-2
Added Pin To Net: NetName=SCL Pin=U?-2
Added Pin To Net: NetName=+3V3 Pin=U?-3
Added Pin To Net: NetName=GND Pin=U?-3
Added Pin To Net: NetName=GND Pin=U?-3
Added Pin To Net: NetName=+3V3 Pin=U?-4
Added Pin To Net: NetName=GND Pin=U?-4
Added Pin To Net: NetName=SCL Pin=U?-4
Added Pin To Net: NetName=SDA Pin=U?-4
Added Pin To Net: NetName=+3V3 Pin=U?-5
Added Pin To Net: NetName=GND Pin=U?-5
Added Pin To Net: NetName=GND Pin=U?-6
Added Pin To Net: NetName=GND Pin=U?-6
Added Pin To Net: NetName=SDA Pin=U?-6
Added Pin To Net: NetName=+3V3 Pin=U?-7
Added Pin To Net: NetName=GND Pin=U?-7
Added Pin To Net: NetName=+3V3 Pin=U?-8
Added Pin To Net: NetName=GND Pin=U?-8
Added Pin To Net: NetName=SCL Pin=U?-8
Added Pin To Net: NetName=GND Pin=U?-9
Added Pin To Net: NetName=SDA Pin=U?-9
Added Pin To Net: NetName=+3V3 Pin=U?-10
Added Pin To Net: NetName=+3V3 Pin=U?-10
Added Pin To Net: NetName=GND Pin=U?-10
Added Pin To Net: NetName=+3V3 Pin=U?-11
Added Pin To Net: NetName=GND Pin=U?-11
Added Pin To Net: NetName=GND Pin=U?-12
Added Pin To Net: NetName=+3V3 Pin=U?-13
Added Pin To Net: NetName=GND Pin=U?-13
Added Pin To Net: NetName=SCL Pin=U?-13
Added Pin To Net: NetName=+3V3 Pin=U?-14
Added Pin To Net: NetName=+3V3 Pin=U?-14
Added Pin To Net: NetName=SDA Pin=U?-14
Added Pin To Net: NetName=+3V3 Pin=U?-15
Added Pin To Net: NetName=+3V3 Pin=U?-15
Added Pin To Net: NetName=GND Pin=U?-16
Added Pin To Net: NetName=SDA Pin=U?-16
Add Net: Net with name "NetC?_2" already exists
Change Class Name : Old Net Name=Sheet1 New Net Name=Designator
Change Class Name : Old Net Name=Sheet2 New Net Name=Designator
Added Member To Class: ClassName=Designator Member=Component C? Capacitor 100 nF +/-10% 50 V 0603
Added Member To Class: ClassName=Designator Member=Component C? Capacitor 100 nF +/-10% 50 V 0603
Added Member To Class: ClassName=Designator Member=Component C? Capacitor 100 nF +/-10% 50 V 0603
Added Member To Class: ClassName=Designator Member=Component C? Capacitor 100 nF +/-10% 50 V 0603
Added Member To Class: ClassName=Designator Member=Component C? Capacitor 100 nF +/-10% 50 V 0603
Added Member To Class: ClassName=Designator Member=Component C? Capacitor 100 nF +/-10% 50 V 0603
Added Member To Class: ClassName=Designator Member=Component C? Capacitor 100 nF +/-10% 50 V 0603
Added Member To Class: ClassName=Designator Member=Component C? Capacitor 100 nF +/-10% 50 V 0603
Added Member To Class: ClassName=Designator Member=Component C? Capacitor 100 nF +/-10% 50 V 0603
Added Member To Class: ClassName=Designator Member=Component C? Capacitor 100 nF +/-10% 50 V 0603
Added Member To Class: ClassName=Designator Member=Component C? Capacitor 100 nF +/-10% 50 V 0603
Added Member To Class: ClassName=Designator Member=Component C? Capacitor 100nF +/-20% 10V 0402
Added Member To Class: ClassName=Designator Member=Component C? Capacitor 100 nF +/-10% 50 V 0603
Added Member To Class: ClassName=Designator Member=Component C? Capacitor 100 nF +/-10% 50 V 0603
Added Member To Class: ClassName=Designator Member=Component C? Capacitor 100 nF +/-10% 50 V 0603
Added Member To Class: ClassName=Designator Member=Component D? PMEG40T30ERX
Added Member To Class: ClassName=Designator Member=Component R? Resistor 10k +/-1% 0603 100 mW
Added Member To Class: ClassName=Designator Member=Component R? Resistor 10k +/-1% 0603 100 mW
Added Member To Class: ClassName=Designator Member=Component U? BMI088
Added Member To Class: ClassName=Designator Member=Component U? H3LIS331DLTR
Added Member To Class: ClassName=Designator Member=Component U? BMP581
Added Member To Class: ClassName=Designator Member=Component U? MMC5983MA
