Added Component: Designator=J?(5027740891)
Add component (AddParameter): Name = "Arrow Part Number"; Value = ""; VariantName = "[No Variations]"
Add component (AddParameter): Name = "Arrow Price/Stock"; Value = ""; VariantName = "[No Variations]"
Add component (AddParameter): Name = "Datasheet Link"; Value = "https://www.molex.com/content/dam/molex/molex-dot-com/products/automated/en-us/salesdrawingpdf/502/502774/5027740891_sd.pdf"; VariantName = "[No Variations]"
Add component (AddParameter): Name = "Height"; Value = "1.95mm"; VariantName = "[No Variations]"
Add component (AddParameter): Name = "Manufacturer_Name"; Value = "Molex"; VariantName = "[No Variations]"
Add component (AddParameter): Name = "Manufacturer_Part_Number"; Value = "502774-0891"; VariantName = "[No Variations]"
Add component (AddParameter): Name = "Mouser Part Number"; Value = "538-502774-0891"; VariantName = "[No Variations]"
Add component (AddParameter): Name = "Mouser Price/Stock"; Value = "https://www.mouser.co.uk/ProductDetail/Molex/502774-0891?qs=HaAz2OYkmGggsnJ7oFWqbQ%3D%3D"; VariantName = "[No Variations]"
Add Net: Net with name "NetC?_2" already exists
Added Member To Class: ClassName=Sheet1 Member=Component C? Capacitor 100 nF +/-10% 50 V 0603
Added Member To Class: ClassName=Sheet1 Member=Component C? Capacitor 100 nF +/-10% 50 V 0603
Added Member To Class: ClassName=Sheet1 Member=Component C? Capacitor 100 nF +/-10% 50 V 0603
Added Member To Class: ClassName=Sheet1 Member=Component C? Capacitor 100 nF +/-10% 50 V 0603
Added Member To Class: ClassName=Sheet1 Member=Component C? Capacitor 100 nF +/-10% 50 V 0603
Added Member To Class: ClassName=Sheet1 Member=Component C? Capacitor 100 nF +/-10% 50 V 0603
Added Member To Class: ClassName=Sheet1 Member=Component C? Capacitor 100 nF +/-10% 50 V 0603
Added Member To Class: ClassName=Sheet1 Member=Component C? Capacitor 100 nF +/-10% 50 V 0603
Added Member To Class: ClassName=Sheet1 Member=Component C? Capacitor 100 nF +/-10% 50 V 0603
Added Member To Class: ClassName=Sheet1 Member=Component C? Capacitor 100nF +/-20% 10V 0402
Added Member To Class: ClassName=Sheet1 Member=Component C? Capacitor 100 nF +/-10% 50 V 0603
Added Member To Class: ClassName=Sheet1 Member=Component C? Capacitor 100 nF +/-10% 50 V 0603
Added Member To Class: ClassName=Sheet1 Member=Component C? Capacitor 100 nF +/-10% 50 V 0603
Added Member To Class: ClassName=Sheet1 Member=Component C? Capacitor 100 nF +/-10% 50 V 0603
Added Member To Class: ClassName=Sheet1 Member=Component C? Capacitor 100 nF +/-10% 50 V 0603
Added Member To Class: ClassName=Sheet1 Member=Component D? PMEG40T30ERX
Added Member To Class: ClassName=Sheet2 Member=Component J? 502774-0891
Added Member To Class: ClassName=Sheet1 Member=Component R? Resistor 10k +/-1% 0603 100 mW
Added Member To Class: ClassName=Sheet1 Member=Component R? Resistor 10k +/-1% 0603 100 mW
Added Member To Class: ClassName=Sheet1 Member=Component U? MMC5983MA
Added Member To Class: ClassName=Sheet1 Member=Component U? BMI088
Added Member To Class: ClassName=Sheet1 Member=Component U? BMP581
Added Member To Class: ClassName=Sheet1 Member=Component U? H3LIS331DLTR
Added Member To Class: ClassName=Sheet1 Member=Component U? LSM6DSO32TR
Added Member To Class: ClassName=Sheet2 Member=Component U? SC0915
