Change Component Comment : Designator=U1 Old Comment=SC0915 New Comment=Raspberry_Pi_Pico
Change Component Designator: OldDesignator=C? NewDesignator=C2
Change Component Designator: OldDesignator=C? NewDesignator=C3
Change Component Designator: OldDesignator=C? NewDesignator=C4
Change Component Designator: OldDesignator=C? NewDesignator=C5
Change Component Designator: OldDesignator=C? NewDesignator=C6
Change Component Designator: OldDesignator=C? NewDesignator=C7
Change Component Designator: OldDesignator=C? NewDesignator=C8
Change Component Designator: OldDesignator=C? NewDesignator=C9
Change Component Designator: OldDesignator=C? NewDesignator=C10
Change Component Designator: OldDesignator=C? NewDesignator=C11
Change Component Designator: OldDesignator=C? NewDesignator=C12
Change Component Designator: OldDesignator=C? NewDesignator=C13
Change Component Designator: OldDesignator=C? NewDesignator=C14
Change Component Designator: OldDesignator=C? NewDesignator=C15
Change Component Designator: OldDesignator=C? NewDesignator=C16
Change Component Designator: OldDesignator=C? NewDesignator=C17
Change Component Designator: OldDesignator=D? NewDesignator=D2
Change Component Designator: OldDesignator=D? NewDesignator=D3
Change Component Designator: OldDesignator=FB? NewDesignator=FB1
Change Component Designator: OldDesignator=J NewDesignator=J2
Change Component Designator: OldDesignator=MD? NewDesignator=U6
Change Component Designator: OldDesignator=PPS? NewDesignator=PPS
Change Component Designator: OldDesignator=R? NewDesignator=R5
Change Component Designator: OldDesignator=R? NewDesignator=R6
Change Component Designator: OldDesignator=R? NewDesignator=R7
Change Component Designator: OldDesignator=U? NewDesignator=U2
Change Component Designator: OldDesignator=U? NewDesignator=U3
Change Component Designator: OldDesignator=U? NewDesignator=U4
Change Component Designator: OldDesignator=U? NewDesignator=U5
Change Component Designator: OldDesignator=U? NewDesignator=U7
Change Net Name : Old Net Name=NetC?_2 New Net Name=NetC8_2
Change Net Name : Old Net Name=NetMD?_7 New Net Name=NetR7_2
Change Net Name : Old Net Name=NetPPS?_2 New Net Name=NetPPS_2
Added Pin To Net: NetName=NetC4_2 Pin=C4-2
Added Pin To Net: NetName=NetC4_2 Pin=U2-10
Added Net: Name=NetC4_2
Added Member To Class: ClassName=Designator Member=Component C2 Capacitor 100 nF +/-10% 50 V 0603
Added Member To Class: ClassName=Designator Member=Component C3 Capacitor 100 nF +/-10% 50 V 0603
Added Member To Class: ClassName=Designator Member=Component C4 Capacitor 100 nF +/-10% 50 V 0603
Added Member To Class: ClassName=Designator Member=Component C5 Capacitor 100 nF +/-10% 50 V 0603
Added Member To Class: ClassName=Designator Member=Component C6 Capacitor 100 nF +/-10% 50 V 0603
Added Member To Class: ClassName=Designator Member=Component C7 Capacitor 100 nF +/-10% 50 V 0603
Added Member To Class: ClassName=Designator Member=Component C8 Capacitor 100 nF +/-10% 50 V 0603
Added Member To Class: ClassName=Designator Member=Component C9 Capacitor 100nF +/-20% 10V 0402
Added Member To Class: ClassName=Designator Member=Component C11 Capacitor 100 nF +/-10% 50 V 0603
Added Member To Class: ClassName=Designator Member=Component C12 Capacitor 100 nF +/-10% 50 V 0603
Added Member To Class: ClassName=Designator Member=Component C13 Capacitor 100 nF +/-10% 50 V 0603
Added Member To Class: ClassName=Designator Member=Component C14 Capacitor 100 nF +/-10% 50 V 0603
Added Member To Class: ClassName=Designator Member=Component C15 Capacitor 100 nF +/-10% 50 V 0603
Added Member To Class: ClassName=Designator Member=Component C16 Capacitor 100 nF +/-10% 50 V 0603
Added Member To Class: ClassName=Designator Member=Component C17 Capacitor 100 nF +/-10% 50 V 0603
Added Member To Class: ClassName=Designator Member=Component D3 PMEG40T30ERX
Added Member To Class: ClassName=Designator Member=Component R6 Resistor 10k +/-1% 0603 100 mW
Added Member To Class: ClassName=Designator Member=Component R7 Resistor 10k +/-1% 0603 100 mW
Added Member To Class: ClassName=Designator Member=Component U2 MMC5983MA
Added Member To Class: ClassName=Designator Member=Component U3 H3LIS331DLTR
Added Member To Class: ClassName=Designator Member=Component U4 BMI088
Added Member To Class: ClassName=Designator Member=Component U7 BMP581
